Release 14.7 - xst P.20131013 (nt64)
Copyright (c) 1995-2013 Xilinx, Inc.  All rights reserved.
--> Parameter TMPDIR set to xst/projnav.tmp


Total REAL time to Xst completion: 1.00 secs
Total CPU time to Xst completion: 0.14 secs
 
--> Parameter xsthdpdir set to xst


Total REAL time to Xst completion: 1.00 secs
Total CPU time to Xst completion: 0.14 secs
 
--> Reading design: font_rom.prj

TABLE OF CONTENTS
  1) Synthesis Options Summary
  2) HDL Compilation
  3) Design Hierarchy Analysis
  4) HDL Analysis
  5) HDL Synthesis
     5.1) HDL Synthesis Report
  6) Advanced HDL Synthesis
     6.1) Advanced HDL Synthesis Report
  7) Low Level Synthesis
  8) Partition Report
  9) Final Report
	9.1) Device utilization summary
	9.2) Partition Resource Summary
	9.3) TIMING REPORT


=========================================================================
*                      Synthesis Options Summary                        *
=========================================================================
---- Source Parameters
Input File Name                    : "font_rom.prj"
Input Format                       : mixed
Ignore Synthesis Constraint File   : NO

---- Target Parameters
Output File Name                   : "font_rom"
Output Format                      : NGC
Target Device                      : xc3s500e-4-fg320

---- Source Options
Top Module Name                    : font_rom
Automatic FSM Extraction           : YES
FSM Encoding Algorithm             : Auto
Safe Implementation                : No
FSM Style                          : LUT
RAM Extraction                     : Yes
RAM Style                          : Auto
ROM Extraction                     : Yes
Mux Style                          : Auto
Decoder Extraction                 : YES
Priority Encoder Extraction        : Yes
Shift Register Extraction          : YES
Logical Shifter Extraction         : YES
XOR Collapsing                     : YES
ROM Style                          : Auto
Mux Extraction                     : Yes
Resource Sharing                   : YES
Asynchronous To Synchronous        : NO
Multiplier Style                   : Auto
Automatic Register Balancing       : No

---- Target Options
Add IO Buffers                     : YES
Global Maximum Fanout              : 100000
Add Generic Clock Buffer(BUFG)     : 24
Register Duplication               : YES
Slice Packing                      : YES
Optimize Instantiated Primitives   : NO
Use Clock Enable                   : Yes
Use Synchronous Set                : Yes
Use Synchronous Reset              : Yes
Pack IO Registers into IOBs        : Auto
Equivalent register Removal        : YES

---- General Options
Optimization Goal                  : Speed
Optimization Effort                : 1
Keep Hierarchy                     : No
Netlist Hierarchy                  : As_Optimized
RTL Output                         : Yes
Global Optimization                : AllClockNets
Read Cores                         : YES
Write Timing Constraints           : NO
Cross Clock Analysis               : NO
Hierarchy Separator                : /
Bus Delimiter                      : <>
Case Specifier                     : Maintain
Slice Utilization Ratio            : 100
BRAM Utilization Ratio             : 100
Verilog 2001                       : YES
Auto BRAM Packing                  : NO
Slice Utilization Ratio Delta      : 5

=========================================================================


=========================================================================
*                          HDL Compilation                              *
=========================================================================
Compiling verilog file "font_rom.v" in library work
Module <font_rom> compiled
No errors in compilation
Analysis of file <"font_rom.prj"> succeeded.
 

=========================================================================
*                     Design Hierarchy Analysis                         *
=========================================================================
Analyzing hierarchy for module <font_rom> in library <work>.


=========================================================================
*                            HDL Analysis                               *
=========================================================================
Analyzing top module <font_rom>.
Module <font_rom> is correct for synthesis.
 

=========================================================================
*                           HDL Synthesis                               *
=========================================================================

Performing bidirectional port resolution...

Synthesizing Unit <font_rom>.
    Related source file is "font_rom.v".
    Found 2048x8-bit ROM for signal <data>.
    Found 11-bit register for signal <addr_reg>.
    Summary:
	inferred   1 ROM(s).
	inferred  11 D-type flip-flop(s).
Unit <font_rom> synthesized.


=========================================================================
HDL Synthesis Report

Macro Statistics
# ROMs                                                 : 1
 2048x8-bit ROM                                        : 1
# Registers                                            : 1
 11-bit register                                       : 1

=========================================================================

=========================================================================
*                       Advanced HDL Synthesis                          *
=========================================================================


Synthesizing (advanced) Unit <font_rom>.
INFO:Xst:3044 - The ROM <Mrom_data> will be implemented as a read-only BLOCK RAM, absorbing the register: <addr_reg>.
INFO:Xst:3225 - The RAM <Mrom_data> will be implemented as BLOCK RAM
    -----------------------------------------------------------------------
    | ram_type           | Block                               |          |
    -----------------------------------------------------------------------
    | Port A                                                              |
    |     aspect ratio   | 2048-word x 8-bit                   |          |
    |     mode           | write-first                         |          |
    |     clkA           | connected to signal <clk>           | rise     |
    |     weA            | connected to signal <GND>           | high     |
    |     addrA          | connected to signal <addr>          |          |
    |     diA            | connected to signal <GND>           |          |
    |     doA            | connected to signal <data>          |          |
    -----------------------------------------------------------------------
    | optimization       | speed                               |          |
    -----------------------------------------------------------------------
Unit <font_rom> synthesized (advanced).

=========================================================================
Advanced HDL Synthesis Report

Macro Statistics
# RAMs                                                 : 1
 2048x8-bit single-port block RAM                      : 1

=========================================================================

=========================================================================
*                         Low Level Synthesis                           *
=========================================================================

Optimizing unit <font_rom> ...

Mapping all equations...
Building and optimizing final netlist ...
Found area constraint ratio of 100 (+ 5) on block font_rom, actual ratio is 0.

Final Macro Processing ...

=========================================================================
Final Register Report

Found no macro
=========================================================================

=========================================================================
*                           Partition Report                            *
=========================================================================

Partition Implementation Status
-------------------------------

  No Partitions were found in this design.

-------------------------------

=========================================================================
*                            Final Report                               *
=========================================================================
Final Results
RTL Top Level Output File Name     : font_rom.ngr
Top Level Output File Name         : font_rom
Output Format                      : NGC
Optimization Goal                  : Speed
Keep Hierarchy                     : No

Design Statistics
# IOs                              : 20

Cell Usage :
# BELS                             : 2
#      GND                         : 1
#      VCC                         : 1
# RAMS                             : 1
#      RAMB16_S9                   : 1
# Clock Buffers                    : 1
#      BUFGP                       : 1
# IO Buffers                       : 19
#      IBUF                        : 11
#      OBUF                        : 8
=========================================================================

Device utilization summary:
---------------------------

Selected Device : 3s500efg320-4 

 Number of Slices:                        0  out of   4656     0%  
 Number of IOs:                          20
 Number of bonded IOBs:                  20  out of    232     8%  
 Number of BRAMs:                         1  out of     20     5%  
 Number of GCLKs:                         1  out of     24     4%  

---------------------------
Partition Resource Summary:
---------------------------

  No Partitions were found in this design.

---------------------------


=========================================================================
TIMING REPORT

NOTE: THESE TIMING NUMBERS ARE ONLY A SYNTHESIS ESTIMATE.
      FOR ACCURATE TIMING INFORMATION PLEASE REFER TO THE TRACE REPORT
      GENERATED AFTER PLACE-and-ROUTE.

Clock Information:
------------------
-----------------------------------+------------------------+-------+
Clock Signal                       | Clock buffer(FF name)  | Load  |
-----------------------------------+------------------------+-------+
clk                                | BUFGP                  | 1     |
-----------------------------------+------------------------+-------+

Asynchronous Control Signals Information:
----------------------------------------
No asynchronous control signals found in this design

Timing Summary:
---------------
Speed Grade: -4

   Minimum period: No path found
   Minimum input arrival time before clock: 2.015ns
   Maximum output required time after clock: 6.492ns
   Maximum combinational path delay: No path found

Timing Detail:
--------------
All values displayed in nanoseconds (ns)

=========================================================================
Timing constraint: Default OFFSET IN BEFORE for Clock 'clk'
  Total number of paths / destination ports: 11 / 11
-------------------------------------------------------------------------
Offset:              2.015ns (Levels of Logic = 1)
  Source:            addr<10> (PAD)
  Destination:       Mrom_data (RAM)
  Destination Clock: clk rising

  Data Path: addr<10> to Mrom_data
                                Gate     Net
    Cell:in->out      fanout   Delay   Delay  Logical Name (Net Name)
    ----------------------------------------  ------------
     IBUF:I->O             1   1.218   0.420  addr_10_IBUF (addr_10_IBUF)
     RAMB16_S9:ADDR10          0.377          Mrom_data
    ----------------------------------------
    Total                      2.015ns (1.595ns logic, 0.420ns route)
                                       (79.2% logic, 20.8% route)

=========================================================================
Timing constraint: Default OFFSET OUT AFTER for Clock 'clk'
  Total number of paths / destination ports: 8 / 8
-------------------------------------------------------------------------
Offset:              6.492ns (Levels of Logic = 1)
  Source:            Mrom_data (RAM)
  Destination:       data<7> (PAD)
  Source Clock:      clk rising

  Data Path: Mrom_data to data<7>
                                Gate     Net
    Cell:in->out      fanout   Delay   Delay  Logical Name (Net Name)
    ----------------------------------------  ------------
     RAMB16_S9:CLK->DO7    1   2.800   0.420  Mrom_data (data_7_OBUF)
     OBUF:I->O                 3.272          data_7_OBUF (data<7>)
    ----------------------------------------
    Total                      6.492ns (6.072ns logic, 0.420ns route)
                                       (93.5% logic, 6.5% route)

=========================================================================


Total REAL time to Xst completion: 11.00 secs
Total CPU time to Xst completion: 10.32 secs
 
--> 

Total memory usage is 310564 kilobytes

Number of errors   :    0 (   0 filtered)
Number of warnings :    0 (   0 filtered)
Number of infos    :    2 (   0 filtered)

