--------------------------------------------------------------------------------
Release 14.7 Trace  (nt64)
Copyright (c) 1995-2013 Xilinx, Inc.  All rights reserved.

C:\Xilinx\14.7\ISE_DS\ISE\bin\nt64\unwrapped\trce.exe -intstyle ise -v 3 -s 4
-n 3 -fastpaths -xml sincronizacion.twx sincronizacion.ncd -o
sincronizacion.twr sincronizacion.pcf

Design file:              sincronizacion.ncd
Physical constraint file: sincronizacion.pcf
Device,package,speed:     xc3s500e,fg320,-4 (PRODUCTION 1.27 2013-10-13)
Report level:             verbose report

Environment Variable      Effect 
--------------------      ------ 
NONE                      No environment variables were set
--------------------------------------------------------------------------------

INFO:Timing:2698 - No timing constraints found, doing default enumeration.
INFO:Timing:3412 - To improve timing, see the Timing Closure User Guide (UG612).
INFO:Timing:2752 - To get complete path coverage, use the unconstrained paths 
   option. All paths that are not constrained will be reported in the 
   unconstrained paths section(s) of the report.
INFO:Timing:3339 - The clock-to-out numbers in this timing report are based on 
   a 50 Ohm transmission line loading model.  For the details of this model, 
   and for more information on accounting for different loading conditions, 
   please see the device datasheet.
INFO:Timing:3390 - This architecture does not support a default System Jitter 
   value, please add SYSTEM_JITTER constraint to the UCF to modify the Clock 
   Uncertainty calculation.
INFO:Timing:3389 - This architecture does not support 'Discrete Jitter' and 
   'Phase Error' calculations, these terms will be zero in the Clock 
   Uncertainty calculation.  Please make appropriate modification to 
   SYSTEM_JITTER to account for the unsupported Discrete Jitter and Phase 
   Error.



Data Sheet report:
-----------------
All values displayed in nanoseconds (ns)

Clock clk_50M to Pad
------------+------------+------------------+--------+
            | clk (edge) |                  | Clock  |
Destination |   to PAD   |Internal Clock(s) | Phase  |
------------+------------+------------------+--------+
hsync       |    8.228(R)|clk_50M_BUFGP     |   0.000|
pixel_x<0>  |    8.081(R)|clk_50M_BUFGP     |   0.000|
pixel_x<1>  |    8.498(R)|clk_50M_BUFGP     |   0.000|
pixel_x<2>  |    8.202(R)|clk_50M_BUFGP     |   0.000|
pixel_x<3>  |    8.266(R)|clk_50M_BUFGP     |   0.000|
pixel_x<4>  |    8.087(R)|clk_50M_BUFGP     |   0.000|
pixel_x<5>  |    8.279(R)|clk_50M_BUFGP     |   0.000|
pixel_x<6>  |    7.818(R)|clk_50M_BUFGP     |   0.000|
pixel_x<7>  |    8.466(R)|clk_50M_BUFGP     |   0.000|
pixel_x<8>  |    8.266(R)|clk_50M_BUFGP     |   0.000|
pixel_x<9>  |    7.264(R)|clk_50M_BUFGP     |   0.000|
pixel_y<0>  |    7.939(R)|clk_50M_BUFGP     |   0.000|
pixel_y<1>  |    8.715(R)|clk_50M_BUFGP     |   0.000|
pixel_y<2>  |    8.376(R)|clk_50M_BUFGP     |   0.000|
pixel_y<3>  |    8.620(R)|clk_50M_BUFGP     |   0.000|
pixel_y<4>  |    7.570(R)|clk_50M_BUFGP     |   0.000|
pixel_y<5>  |    8.383(R)|clk_50M_BUFGP     |   0.000|
pixel_y<6>  |    7.882(R)|clk_50M_BUFGP     |   0.000|
pixel_y<7>  |    8.052(R)|clk_50M_BUFGP     |   0.000|
pixel_y<8>  |    7.974(R)|clk_50M_BUFGP     |   0.000|
pixel_y<9>  |    8.182(R)|clk_50M_BUFGP     |   0.000|
video_on    |   10.474(R)|clk_50M_BUFGP     |   0.000|
vsync       |    8.043(R)|clk_50M_BUFGP     |   0.000|
------------+------------+------------------+--------+

Clock to Setup on destination clock clk_50M
---------------+---------+---------+---------+---------+
               | Src:Rise| Src:Fall| Src:Rise| Src:Fall|
Source Clock   |Dest:Rise|Dest:Rise|Dest:Fall|Dest:Fall|
---------------+---------+---------+---------+---------+
clk_50M        |    5.226|         |         |         |
---------------+---------+---------+---------+---------+


Analysis completed Thu Aug 25 13:13:32 2016 
--------------------------------------------------------------------------------

Trace Settings:
-------------------------
Trace Settings 

Peak Memory Usage: 180 MB



